android/app/build/outputs/mapping/release/seeds.txt
androidx.collection.LruCache: int size
com.google.android.gms.internal.location.zzah: com.google.android.gms.tasks.TaskCompletionSource zza
com.google.android.gms.internal.common.zzae: com.google.android.gms.internal.common.zzag zza
com.google.android.recaptcha.internal.zzpq: java.lang.String zzm
com.google.android.recaptcha.internal.zzh: java.lang.Object zze
com.google.android.gms.internal.firebase-auth-api.zzags: com.google.android.gms.internal.firebase-auth-api.zzahp zze
com.google.crypto.tink.proto.KmsAeadKey: com.google.crypto.tink.shaded.protobuf.Parser PARSER
com.google.android.recaptcha.internal.zzdx: java.util.List zzc
com.google.crypto.tink.proto.Keyset$Key: int status_
com.google.android.recaptcha.internal.zzap: com.google.android.recaptcha.internal.zzat zze
com.google.crypto.tink.proto.KeyData: java.lang.String typeUrl_
com.google.android.gms.internal.firebase-auth-api.zzzo: java.lang.String zzb
com.google.android.gms.internal.firebase-auth-api.zzahr: boolean zzj
com.google.android.gms.internal.firebase-auth-api.zzyf: com.google.android.gms.internal.firebase-auth-api.zzyf zze
com.dexterous.flutterlocalnotifications.models.Time: java.lang.Integer minute
com.google.android.gms.internal.firebase-auth-api.zzqe: com.google.android.gms.internal.firebase-auth-api.zzil$zza zzf
com.google.crypto.tink.proto.KeysetInfo$KeyInfo: int KEY_ID_FIELD_NUMBER
com.google.firebase.firestore.proto.Target: com.google.protobuf.ByteString resumeToken_
com.google.firestore.v1.StructuredQuery$UnaryFilter: int op_
com.google.android.gms.internal.firebase-auth-api.zznm: com.google.android.gms.internal.firebase-auth-api.zzng zzb
com.google.android.recaptcha.internal.zzps: com.google.android.recaptcha.internal.zziv zzg
com.google.android.recaptcha.internal.zzkj: com.google.android.recaptcha.internal.zzkj zzO
com.google.android.gms.internal.firebase-auth-api.zzahz: java.lang.String zzc
com.google.android.recaptcha.internal.zzfh: com.google.android.recaptcha.internal.zzfh zza
com.google.android.gms.internal.location.zzbm: com.google.android.gms.location.DeviceOrientationRequest zzb
com.google.android.play.core.integrity.br: java.lang.String a
com.google.firestore.v1.StructuredAggregationQuery$Aggregation$Count: int bitField0_
com.google.android.gms.internal.firebase-auth-api.zzaw: com.google.android.gms.internal.firebase-auth-api.zzap zza
com.dexterous.flutterlocalnotifications.models.NotificationDetails: java.lang.String PROGRESS
com.google.android.recaptcha.internal.zzco: com.google.android.recaptcha.internal.zzl zze
com.google.android.recaptcha.internal.zznm: com.google.android.recaptcha.internal.zznm zzo
com.google.android.gms.internal.firebase-auth-api.zzan: com.google.android.gms.internal.firebase-auth-api.zzal zza
com.google.android.recaptcha.internal.zzpw: com.google.android.recaptcha.internal.zzpu zzk
com.google.android.gms.internal.firebase-auth-api.zzwl: int[] zza
com.google.android.recaptcha.internal.zzbg: com.google.android.recaptcha.internal.zzbg zzag
com.google.android.gms.internal.auth.zzby: com.google.android.gms.internal.auth.zzby zzL
com.google.android.gms.internal.firebase-auth-api.zzjm: int[] zza
com.google.android.gms.internal.auth.zzhn: com.google.android.gms.internal.auth.zzhn zza
com.google.android.gms.internal.auth.zzgo: com.google.android.gms.internal.auth.zzgu zza
com.google.android.gms.internal.firebase-auth-api.zzqd$zza: com.google.android.gms.internal.firebase-auth-api.zzqk zza
com.google.android.recaptcha.internal.zzcd: java.lang.Object zzd
com.google.android.gms.internal.firebase-auth-api.zzajn: int zzb
com.google.android.gms.internal.firebase-auth-api.zzafq: boolean zzd
com.google.android.gms.internal.firebase-auth-api.zzjp$zza: com.google.android.gms.internal.firebase-auth-api.zzjp$zzd zze
com.google.android.recaptcha.internal.zzt: com.google.android.recaptcha.internal.zzaa zzd
com.google.crypto.tink.proto.KeysetInfo$KeyInfo: int OUTPUT_PREFIX_TYPE_FIELD_NUMBER