android/app/build/outputs/mapping/release/usage.txt
com.google.android.datatransport.runtime.dagger.Binds
com.google.android.datatransport.runtime.dagger.BindsInstance
com.google.android.datatransport.runtime.dagger.BindsOptionalOf
com.google.android.datatransport.runtime.dagger.Component$Builder
com.google.android.datatransport.runtime.dagger.Component$Factory
com.google.android.datatransport.runtime.dagger.Component
com.google.android.datatransport.runtime.dagger.Lazy
com.google.android.datatransport.runtime.dagger.MapKey
com.google.android.datatransport.runtime.dagger.MembersInjector
com.google.android.datatransport.runtime.dagger.Module
com.google.android.datatransport.runtime.dagger.Provides
com.google.android.datatransport.runtime.dagger.Reusable
com.google.android.datatransport.runtime.dagger.Subcomponent$Builder
com.google.android.datatransport.runtime.dagger.Subcomponent$Factory
com.google.android.datatransport.runtime.dagger.Subcomponent
com.google.android.datatransport.runtime.dagger.internal.AbstractMapFactory$Builder
com.google.android.datatransport.runtime.dagger.internal.AbstractMapFactory
com.google.android.datatransport.runtime.dagger.internal.Beta
com.google.android.datatransport.runtime.dagger.internal.ComponentDefinitionType
com.google.android.datatransport.runtime.dagger.internal.DaggerCollections
com.google.android.datatransport.runtime.dagger.internal.DelegateFactory
com.google.android.datatransport.runtime.dagger.internal.DoubleCheck:
    public static com.google.android.datatransport.runtime.dagger.Lazy lazy(javax.inject.Provider)
com.google.android.datatransport.runtime.dagger.internal.GwtIncompatible
com.google.android.datatransport.runtime.dagger.internal.InjectedFieldSignature
com.google.android.datatransport.runtime.dagger.internal.InstanceFactory:
    public static com.google.android.datatransport.runtime.dagger.internal.Factory createNullable(java.lang.Object)
    private static com.google.android.datatransport.runtime.dagger.internal.InstanceFactory nullInstanceFactory()
com.google.android.datatransport.runtime.dagger.internal.MapBuilder
com.google.android.datatransport.runtime.dagger.internal.MapFactory$1
com.google.android.datatransport.runtime.dagger.internal.MapFactory$Builder
com.google.android.datatransport.runtime.dagger.internal.MapFactory
com.google.android.datatransport.runtime.dagger.internal.MapProviderFactory$1
com.google.android.datatransport.runtime.dagger.internal.MapProviderFactory$Builder
com.google.android.datatransport.runtime.dagger.internal.MapProviderFactory
com.google.android.datatransport.runtime.dagger.internal.MembersInjectors$NoOpMembersInjector
com.google.android.datatransport.runtime.dagger.internal.MembersInjectors
com.google.android.datatransport.runtime.dagger.internal.MemoizedSentinel:
    public void <init>()
com.google.android.datatransport.runtime.dagger.internal.Preconditions:
    private void <init>()
    public static java.lang.Object checkNotNull(java.lang.Object,java.lang.String,java.lang.Object)
com.google.android.datatransport.runtime.dagger.internal.ProviderOfLazy
com.google.android.datatransport.runtime.dagger.internal.SetBuilder
com.google.android.datatransport.runtime.dagger.internal.SetFactory$1
com.google.android.datatransport.runtime.dagger.internal.SetFactory$Builder
com.google.android.datatransport.runtime.dagger.internal.SetFactory
com.google.android.datatransport.runtime.dagger.internal.SingleCheck
com.google.android.datatransport.runtime.dagger.multibindings.ClassKey
com.google.android.datatransport.runtime.dagger.multibindings.ElementsIntoSet
com.google.android.datatransport.runtime.dagger.multibindings.IntKey
com.google.android.datatransport.runtime.dagger.multibindings.IntoMap
com.google.android.datatransport.runtime.dagger.multibindings.IntoSet
com.google.android.datatransport.runtime.dagger.multibindings.LongKey
com.google.android.datatransport.runtime.dagger.multibindings.Multibinds
com.google.android.datatransport.runtime.dagger.multibindings.StringKey